INFO:root:Press: a
INFO:MouseController:Mouse position: 514, 148
INFO:root:Press: a
INFO:root:Press: s
INFO:root:Press: s
INFO:root:Press: s
INFO:root:Press: s
INFO:root:Press: s
INFO:root:Press: s
INFO:root:Press: s
INFO:root:Press: s
INFO:root:Press: s
INFO:root:Press: s
INFO:root:Press: s
INFO:root:Press: s
INFO:root:Press: s
INFO:root:Press: s
INFO:root:Press: s
INFO:root:Press: s
INFO:root:Press: s
INFO:root:Press: s
INFO:root:Press: s
INFO:root:Press: s
INFO:root:Press: s
INFO:root:Press: d
INFO:root:Press: d
INFO:root:Press: d
INFO:root:Press: d
INFO:root:Press: s
INFO:root:Press: s
INFO:root:Press: s
INFO:root:Press: s
INFO:root:Press: s
INFO:root:Press: s
INFO:root:Press: s
INFO:root:Press: s
INFO:root:Press: s
INFO:root:Press: a
INFO:root:Press: s
INFO:root:Press: s
INFO:root:Press: s
INFO:root:Press: s
INFO:root:Press: s
INFO:root:Press: s
INFO:root:Press: s
INFO:root:Press: s
INFO:root:Press: d
INFO:root:Press: d
INFO:root:Press: d
INFO:root:Press: d
INFO:root:Press: d
INFO:root:Press: d
INFO:root:Press: d
INFO:root:Press: s
INFO:root:Press: s
INFO:root:Press: s
INFO:root:Press: s
INFO:root:Press: s
INFO:root:Press: s
INFO:root:Press: s
INFO:root:Press: s
INFO:root:Press: s
INFO:root:Press: s
INFO:root:Press: a
INFO:root:Press: a
INFO:root:Press: a
INFO:root:Press: w
INFO:root:Press: w
INFO:root:Press: w
INFO:root:Arrived to cave
INFO:MouseController:Mouse position: 514, 48
INFO:root:Out of battle
INFO:MouseController:Mouse position: 514, 48
INFO:root:Click on button fight
INFO:MouseController:Mouse position: 398, 703
INFO:MouseController:Mouse position: 398, 703
INFO:root:Click on button fight
INFO:root:Click on button surf
INFO:MouseController:Mouse position: 399, 756
INFO:root:Clicking again
INFO:MouseController:Mouse position: 399, 756
INFO:MouseController:Mouse position: 399, 756
INFO:root:Out of battle
INFO:MouseController:Mouse position: 514, 48
INFO:root:Out of battle
INFO:MouseController:Mouse position: 514, 48
INFO:MouseController:Mouse position: 398, 703
INFO:root:Click on button fight
INFO:root:Click on button fight
INFO:MouseController:Mouse position: 398, 703
INFO:root:Click on button surf
INFO:MouseController:Mouse position: 399, 756
INFO:root:Clicking again
INFO:MouseController:Mouse position: 399, 756
INFO:MouseController:Mouse position: 399, 756
INFO:root:Out of battle
INFO:MouseController:Mouse position: 514, 48
INFO:root:Out of battle
INFO:MouseController:Mouse position: 514, 48
INFO:MouseController:Mouse position: 398, 703
INFO:root:Click on button fight
INFO:root:Click on button fight
INFO:MouseController:Mouse position: 398, 703
INFO:MouseController:Mouse position: 399, 756
INFO:root:Click on button surf
INFO:root:Clicking again
INFO:MouseController:Mouse position: 399, 756
INFO:MouseController:Mouse position: 399, 756
INFO:root:Out of battle
INFO:MouseController:Mouse position: 514, 48
INFO:root:Out of battle
INFO:MouseController:Mouse position: 514, 48
INFO:MouseController:Mouse position: 398, 703
INFO:root:Click on button fight
INFO:MouseController:Mouse position: 398, 703
INFO:root:Click on button fight
INFO:MouseController:Mouse position: 399, 756
INFO:root:Click on button surf
INFO:root:Clicking again
INFO:MouseController:Mouse position: 399, 756
INFO:MouseController:Mouse position: 399, 756
INFO:root:Out of battle
INFO:root:Press: s
INFO:root:Press: s
INFO:root:Press: s
INFO:root:Press: d
INFO:root:Press: d
INFO:root:Press: d
INFO:root:Press: w
INFO:root:Press: w
INFO:root:Press: w
INFO:root:Press: w
INFO:root:Press: w
INFO:root:Press: w
INFO:root:Press: w
INFO:root:Press: w
INFO:root:Press: w
INFO:root:Press: w
INFO:root:Press: a
INFO:root:Press: a
INFO:root:Press: a
INFO:root:Press: a
INFO:root:Press: a
INFO:root:Press: a
INFO:root:Press: a
INFO:root:Press: w
INFO:root:Press: w
INFO:root:Press: w
INFO:root:Press: w
INFO:root:Press: w
INFO:root:Press: w
INFO:root:Press: w
INFO:root:Press: w
INFO:root:Press: d
INFO:root:Press: w
INFO:root:Press: w
INFO:root:Press: w
INFO:root:Press: w
INFO:root:Press: w
INFO:root:Press: w
INFO:root:Press: w
INFO:root:Press: w
INFO:root:Press: w
INFO:root:Press: a
INFO:root:Press: a
INFO:root:Press: a
INFO:root:Press: a
INFO:root:Press: w
INFO:root:Press: w
INFO:root:Press: w
INFO:root:Press: w
INFO:root:Press: w
INFO:root:Press: w
INFO:root:Press: w
INFO:root:Press: w
INFO:root:Press: w
INFO:root:Press: w
INFO:root:Press: w
INFO:root:Press: w
INFO:root:Press: w
INFO:root:Press: w
INFO:root:Press: w
INFO:root:Press: w
INFO:root:Press: w
INFO:root:Press: w
INFO:root:Press: w
INFO:root:Press: w
INFO:root:Press: w
INFO:root:Press: w
INFO:root:Press: d
INFO:root:Press: d
INFO:root:Press: w
INFO:root:Arrived to pokecenter
INFO:root:Press: x
INFO:root:Press: x
INFO:root:Press: x
INFO:root:Press: x
INFO:root:Press: x
INFO:root:Press: x
INFO:root:Press: s
INFO:root:Press: x
INFO:root:Healed Pokemon
INFO:MouseController:Mouse position: 514, 148
INFO:root:Press: a
INFO:root:Press: a
INFO:root:Press: s
INFO:root:Press: s
INFO:root:Press: s
INFO:root:Press: s
INFO:root:Press: s
INFO:root:Press: s
INFO:root:Press: s
INFO:root:Press: s
INFO:root:Press: s
INFO:root:Press: s
INFO:root:Press: s
INFO:root:Press: s
INFO:root:Press: s
INFO:root:Press: s
INFO:root:Press: s
INFO:root:Press: s
INFO:root:Press: s
INFO:root:Press: s
INFO:root:Press: s
INFO:root:Press: s
INFO:root:Press: s
INFO:root:Press: d
INFO:root:Press: d
INFO:root:Press: d
INFO:root:Press: d
INFO:root:Press: s
INFO:root:Press: s
INFO:root:Press: s
INFO:root:Press: s
INFO:root:Press: s
INFO:root:Press: s
INFO:root:Press: s
INFO:root:Press: s
INFO:root:Press: s
INFO:root:Press: a
INFO:root:Press: s
INFO:root:Press: s
INFO:root:Press: s
INFO:root:Press: s
INFO:root:Press: s
INFO:root:Press: s
INFO:root:Press: s
INFO:root:Press: s
INFO:root:Press: d
INFO:root:Press: d
INFO:root:Press: d
INFO:root:Press: d
INFO:root:Press: d
INFO:root:Press: d
INFO:root:Press: d
INFO:root:Press: s
INFO:root:Press: s
INFO:root:Press: s
INFO:root:Press: s
INFO:root:Press: s
INFO:root:Press: s
INFO:root:Press: s
INFO:root:Press: s
INFO:root:Press: s
INFO:root:Press: s
INFO:root:Press: a
INFO:root:Press: a
INFO:root:Press: a
INFO:root:Press: w
INFO:root:Press: w
INFO:root:Press: w
INFO:root:Arrived to cave
INFO:MouseController:Mouse position: 514, 48
INFO:MouseController:Mouse position: 1270, 309
INFO:MouseController:Mouse position: 1205, 398
INFO:root:Out of battle
INFO:MouseController:Mouse position: 514, 48
INFO:MouseController:Mouse position: 398, 703
INFO:root:Click on button fight
INFO:MouseController:Mouse position: 398, 703
INFO:root:Click on button fight
INFO:MouseController:Mouse position: 399, 756
INFO:root:Click on button surf
INFO:root:Clicking again
INFO:MouseController:Mouse position: 399, 756
INFO:MouseController:Mouse position: 399, 756
INFO:root:Out of battle
INFO:MouseController:Mouse position: 514, 48
INFO:root:Out of battle
INFO:MouseController:Mouse position: 514, 48
INFO:root:Click on button fight
INFO:MouseController:Mouse position: 398, 703
INFO:root:Click on button fight
INFO:MouseController:Mouse position: 398, 703
INFO:root:Click on button surf
INFO:MouseController:Mouse position: 399, 756
INFO:root:Clicking again
INFO:MouseController:Mouse position: 399, 756
INFO:MouseController:Mouse position: 399, 756
INFO:root:Out of battle
INFO:MouseController:Mouse position: 514, 48
INFO:root:Out of battle
INFO:MouseController:Mouse position: 514, 48
INFO:root:Click on button fight
INFO:MouseController:Mouse position: 398, 703
INFO:MouseController:Mouse position: 398, 703
INFO:root:Click on button fight
INFO:root:Click on button surf
INFO:MouseController:Mouse position: 399, 756
INFO:root:Clicking again
INFO:MouseController:Mouse position: 399, 756
INFO:MouseController:Mouse position: 399, 756
INFO:root:Out of battle
INFO:MouseController:Mouse position: 514, 48
INFO:root:Out of battle
INFO:MouseController:Mouse position: 514, 48
INFO:root:Click on button fight
INFO:MouseController:Mouse position: 398, 703
INFO:MouseController:Mouse position: 398, 703
INFO:root:Click on button fight
INFO:MouseController:Mouse position: 399, 756
INFO:root:Click on button surf
INFO:root:Clicking again
INFO:MouseController:Mouse position: 399, 756
INFO:MouseController:Mouse position: 399, 756
INFO:root:Out of battle
INFO:root:Press: s
INFO:root:Press: s
INFO:root:Press: s
INFO:root:Press: d
INFO:root:Press: d
INFO:root:Press: d
INFO:root:Press: w
INFO:root:Press: w
INFO:root:Press: w
INFO:root:Press: w
INFO:root:Press: w
INFO:root:Press: w
INFO:root:Press: w
INFO:root:Press: w
INFO:root:Press: w
INFO:root:Press: w
INFO:root:Press: a
INFO:root:Press: a
INFO:root:Press: a
INFO:root:Press: a
INFO:root:Press: a
INFO:root:Press: a
INFO:root:Press: a
INFO:root:Press: w
INFO:root:Press: w
INFO:root:Press: w
INFO:root:Press: w
INFO:root:Press: w
INFO:root:Press: w
INFO:root:Press: w
INFO:root:Press: w
INFO:root:Press: d
INFO:root:Press: w
INFO:root:Press: w
INFO:root:Press: w
INFO:root:Press: w
INFO:root:Press: w
INFO:root:Press: w
INFO:root:Press: w
INFO:MouseController:Mouse position: 518, 1065
INFO:root:Press: w
INFO:root:Press: w
INFO:MouseController:Mouse position: 274, 78
